<?xml version="1.0" encoding="UTF-8"?>
<!-- Generated by org.testng.reporters.JUnitReportReporter -->
<testsuite skipped="0" hostname="LAPTOP-BQDQ1OH6" name="TestCases.Logout_Testcases" tests="1" failures="0" timestamp="2020-05-05T15:52:14 IST" time="1.124" errors="0">
  <testcase name="Logouttestcase" time="1.124" classname="TestCases.Logout_Testcases"/>
  <system-out/>
</testsuite> <!-- TestCases.Logout_Testcases -->
