<?xml version="1.0" encoding="UTF-8"?>
<!-- Generated by org.testng.reporters.JUnitReportReporter -->
<testsuite skipped="0" hostname="LAPTOP-BQDQ1OH6" name="TestCases.Test_user_role" tests="1" failures="0" timestamp="2020-05-05T15:52:14 IST" time="2.208" errors="0">
  <testcase name="checkuserrole" time="2.208" classname="TestCases.Test_user_role"/>
  <system-out/>
</testsuite> <!-- TestCases.Test_user_role -->
