<?xml version="1.0" encoding="UTF-8"?>
<!-- Generated by org.testng.reporters.JUnitReportReporter -->
<testsuite skipped="0" hostname="LAPTOP-BQDQ1OH6" name="TestCases.Test_Pending_Leave_Request" tests="2" failures="0" timestamp="2020-05-05T16:01:24 IST" time="3.000" errors="0">
  <testcase name="login" time="1.802" classname="TestCases.Test_Pending_Leave_Request"/>
  <system-out/>
  <testcase name="verifyleavependingtext" time="1.198" classname="TestCases.Test_Pending_Leave_Request"/>
  <system-out/>
</testsuite> <!-- TestCases.Test_Pending_Leave_Request -->
